<?xml version="1.0" encoding="UTF-8"?>
<!-- Generated by org.testng.reporters.JUnitXMLReporter -->
<testsuite ignored="0" hostname="DESKTOP-PH58IT2" failures="0" tests="3" name="Default test" time="2.518" errors="0" timestamp="2025-02-28T21:15:24 IST">
  <testcase classname="com.api.tests.ForgotPasswordTest" name="forgotPasswordTest" time="2.273"/>
  <testcase classname="com.api.tests.ForgotPasswordTest" name="forgotPasswordBuilderTest" time="0.077"/>
  <testcase classname="com.api.tests.ForgotPasswordTest" name="forgotPasswordHashMapTest" time="0.1"/>
</testsuite> <!-- Default test -->
