<?xml version="1.0" encoding="UTF-8"?>
<testng-results ignored="0" total="1" passed="1" failed="0" skipped="0">
  <reporter-output>
  </reporter-output>
  <suite started-at="2025-03-02T19:47:28 IST" name="Default suite" finished-at="2025-03-02T19:47:31 IST" duration-ms="2953">
    <groups>
    </groups>
    <test started-at="2025-03-02T19:47:28 IST" name="Default test" finished-at="2025-03-02T19:47:31 IST" duration-ms="2953">
      <class name="com.api.tests.ChangePasswordTest">
        <test-method signature="updatePasswordTest()[pri:0, instance:com.api.tests.ChangePasswordTest@7ec7ffd3]" started-at="2025-03-02T19:47:28 IST" name="updatePasswordTest" finished-at="2025-03-02T19:47:31 IST" duration-ms="2881" status="PASS">
          <reporter-output>
          </reporter-output>
        </test-method> <!-- updatePasswordTest -->
      </class> <!-- com.api.tests.ChangePasswordTest -->
    </test> <!-- Default test -->
  </suite> <!-- Default suite -->
</testng-results>
