<?xml version="1.0" encoding="UTF-8"?>
<testng-results ignored="0" total="1" passed="1" failed="0" skipped="0">
  <reporter-output>
  </reporter-output>
  <suite started-at="2025-03-01T20:40:27 IST" name="Default suite" finished-at="2025-03-01T20:40:29 IST" duration-ms="2684">
    <groups>
    </groups>
    <test started-at="2025-03-01T20:40:27 IST" name="Default test" finished-at="2025-03-01T20:40:29 IST" duration-ms="2684">
      <class name="com.api.tests.GetUserProfileRequestTest">
        <test-method signature="getProfileInfoTest()[pri:0, instance:com.api.tests.GetUserProfileRequestTest@7ec7ffd3]" started-at="2025-03-01T20:40:27 IST" name="getProfileInfoTest" finished-at="2025-03-01T20:40:29 IST" duration-ms="2615" status="PASS">
          <reporter-output>
          </reporter-output>
        </test-method> <!-- getProfileInfoTest -->
      </class> <!-- com.api.tests.GetUserProfileRequestTest -->
    </test> <!-- Default test -->
  </suite> <!-- Default suite -->
</testng-results>
